CRITICAL - 2024-10-03 06:49:21 --> Error: Cannot use object of type CodeIgniter\HTTP\SiteURI as array
[Method: GET, Route: /]
in APPPATH\Views\navigation.php on line 100.
 1 SYSTEMPATH\View\View.php(234): include()
 2 SYSTEMPATH\View\View.php(237): CodeIgniter\View\View->CodeIgniter\View\{closure}()
 3 SYSTEMPATH\Common.php(1171): CodeIgniter\View\View->render('navigation', [], true)
 4 APPPATH\Views\header.php(268): view('navigation')
 5 SYSTEMPATH\View\View.php(234): include('D:\\wamp64\\www\\admin.dright.net\\app\\Views\\header.php')
 6 SYSTEMPATH\View\View.php(237): CodeIgniter\View\View->CodeIgniter\View\{closure}()
 7 SYSTEMPATH\Common.php(1171): CodeIgniter\View\View->render('header', [], true)
 8 APPPATH\Controllers\Home.php(30): view('header', [...])
 9 SYSTEMPATH\CodeIgniter.php(933): App\Controllers\Home->index()
10 SYSTEMPATH\CodeIgniter.php(509): CodeIgniter\CodeIgniter->runController(Object(App\Controllers\Home))
11 SYSTEMPATH\CodeIgniter.php(355): CodeIgniter\CodeIgniter->handleRequest(null, Object(Config\Cache), false)
12 SYSTEMPATH\Boot.php(325): CodeIgniter\CodeIgniter->run()
13 SYSTEMPATH\Boot.php(67): CodeIgniter\Boot::runCodeIgniter(Object(CodeIgniter\CodeIgniter))
14 FCPATH\index.php(71): CodeIgniter\Boot::bootWeb(Object(Config\Paths))
CRITICAL - 2024-10-03 06:51:07 --> Error: Cannot use object of type CodeIgniter\HTTP\SiteURI as array
[Method: GET, Route: /]
in APPPATH\Views\navigation.php on line 103.
 1 SYSTEMPATH\View\View.php(234): include()
 2 SYSTEMPATH\View\View.php(237): CodeIgniter\View\View->CodeIgniter\View\{closure}()
 3 SYSTEMPATH\Common.php(1171): CodeIgniter\View\View->render('navigation', [], true)
 4 APPPATH\Views\header.php(268): view('navigation')
 5 SYSTEMPATH\View\View.php(234): include('D:\\wamp64\\www\\admin.dright.net\\app\\Views\\header.php')
 6 SYSTEMPATH\View\View.php(237): CodeIgniter\View\View->CodeIgniter\View\{closure}()
 7 SYSTEMPATH\Common.php(1171): CodeIgniter\View\View->render('header', [], true)
 8 APPPATH\Controllers\Home.php(30): view('header', [...])
 9 SYSTEMPATH\CodeIgniter.php(933): App\Controllers\Home->index()
10 SYSTEMPATH\CodeIgniter.php(509): CodeIgniter\CodeIgniter->runController(Object(App\Controllers\Home))
11 SYSTEMPATH\CodeIgniter.php(355): CodeIgniter\CodeIgniter->handleRequest(null, Object(Config\Cache), false)
12 SYSTEMPATH\Boot.php(325): CodeIgniter\CodeIgniter->run()
13 SYSTEMPATH\Boot.php(67): CodeIgniter\Boot::runCodeIgniter(Object(CodeIgniter\CodeIgniter))
14 FCPATH\index.php(71): CodeIgniter\Boot::bootWeb(Object(Config\Paths))
