ERROR - 2024-10-08 05:10:21 --> mysqli_sql_exception: Unknown column 'vegetables' in 'where clause' in D:\wamp64\www\admin.dright.net\system\Database\MySQLi\Connection.php:312
Stack trace:
#0 D:\wamp64\www\admin.dright.net\system\Database\MySQLi\Connection.php(312): mysqli->query('SELECT * FROM `...', 0)
#1 D:\wamp64\www\admin.dright.net\system\Database\BaseConnection.php(734): CodeIgniter\Database\MySQLi\Connection->execute('SELECT * FROM `...')
#2 D:\wamp64\www\admin.dright.net\system\Database\BaseConnection.php(648): CodeIgniter\Database\BaseConnection->simpleQuery('SELECT * FROM `...')
#3 D:\wamp64\www\admin.dright.net\app\Models\Crud.php(78): CodeIgniter\Database\BaseConnection->query('SELECT * FROM `...')
#4 D:\wamp64\www\admin.dright.net\app\Models\HealthcareModel.php(78): App\Models\Crud->ExecuteSQL('SELECT * FROM `...')
#5 D:\wamp64\www\admin.dright.net\app\Controllers\HealthCare.php(97): App\Models\HealthcareModel->get_vegetable_datatables()
#6 D:\wamp64\www\admin.dright.net\system\CodeIgniter.php(933): App\Controllers\HealthCare->fetch_vegetable()
#7 D:\wamp64\www\admin.dright.net\system\CodeIgniter.php(509): CodeIgniter\CodeIgniter->runController(Object(App\Controllers\HealthCare))
#8 D:\wamp64\www\admin.dright.net\system\CodeIgniter.php(355): CodeIgniter\CodeIgniter->handleRequest(NULL, Object(Config\Cache), false)
#9 D:\wamp64\www\admin.dright.net\system\Boot.php(325): CodeIgniter\CodeIgniter->run()
#10 D:\wamp64\www\admin.dright.net\system\Boot.php(67): CodeIgniter\Boot::runCodeIgniter(Object(CodeIgniter\CodeIgniter))
#11 D:\wamp64\www\admin.dright.net\index.php(71): CodeIgniter\Boot::bootWeb(Object(Config\Paths))
#12 {main}
CRITICAL - 2024-10-08 05:10:21 --> CodeIgniter\Database\Exceptions\DatabaseException: Unknown column 'vegetables' in 'where clause'
[Method: POST, Route: vegetable-data]
in SYSTEMPATH\Database\BaseConnection.php on line 688.
 1 APPPATH\Models\Crud.php(78): CodeIgniter\Database\BaseConnection->query('SELECT * FROM `public_diet` where `Category`=vegetables Order By `Name`  limit 100 offset  0')
 2 APPPATH\Models\HealthcareModel.php(78): App\Models\Crud->ExecuteSQL('SELECT * FROM `public_diet` where `Category`=vegetables Order By `Name`  limit 100 offset  0')
 3 APPPATH\Controllers\HealthCare.php(97): App\Models\HealthcareModel->get_vegetable_datatables()
 4 SYSTEMPATH\CodeIgniter.php(933): App\Controllers\HealthCare->fetch_vegetable()
 5 SYSTEMPATH\CodeIgniter.php(509): CodeIgniter\CodeIgniter->runController(Object(App\Controllers\HealthCare))
 6 SYSTEMPATH\CodeIgniter.php(355): CodeIgniter\CodeIgniter->handleRequest(null, Object(Config\Cache), false)
 7 SYSTEMPATH\Boot.php(325): CodeIgniter\CodeIgniter->run()
 8 SYSTEMPATH\Boot.php(67): CodeIgniter\Boot::runCodeIgniter(Object(CodeIgniter\CodeIgniter))
 9 FCPATH\index.php(71): CodeIgniter\Boot::bootWeb(Object(Config\Paths))
CRITICAL - 2024-10-08 05:10:21 --> [Caused by] CodeIgniter\Database\Exceptions\DatabaseException: Unknown column 'vegetables' in 'where clause'
in SYSTEMPATH\Database\MySQLi\Connection.php on line 317.
 1 SYSTEMPATH\Database\BaseConnection.php(734): CodeIgniter\Database\MySQLi\Connection->execute('SELECT * FROM `public_diet` where `Category`=vegetables Order By `Name`  limit 100 offset  0')
 2 SYSTEMPATH\Database\BaseConnection.php(648): CodeIgniter\Database\BaseConnection->simpleQuery('SELECT * FROM `public_diet` where `Category`=vegetables Order By `Name`  limit 100 offset  0')
 3 APPPATH\Models\Crud.php(78): CodeIgniter\Database\BaseConnection->query('SELECT * FROM `public_diet` where `Category`=vegetables Order By `Name`  limit 100 offset  0')
 4 APPPATH\Models\HealthcareModel.php(78): App\Models\Crud->ExecuteSQL('SELECT * FROM `public_diet` where `Category`=vegetables Order By `Name`  limit 100 offset  0')
 5 APPPATH\Controllers\HealthCare.php(97): App\Models\HealthcareModel->get_vegetable_datatables()
 6 SYSTEMPATH\CodeIgniter.php(933): App\Controllers\HealthCare->fetch_vegetable()
 7 SYSTEMPATH\CodeIgniter.php(509): CodeIgniter\CodeIgniter->runController(Object(App\Controllers\HealthCare))
 8 SYSTEMPATH\CodeIgniter.php(355): CodeIgniter\CodeIgniter->handleRequest(null, Object(Config\Cache), false)
 9 SYSTEMPATH\Boot.php(325): CodeIgniter\CodeIgniter->run()
10 SYSTEMPATH\Boot.php(67): CodeIgniter\Boot::runCodeIgniter(Object(CodeIgniter\CodeIgniter))
11 FCPATH\index.php(71): CodeIgniter\Boot::bootWeb(Object(Config\Paths))
CRITICAL - 2024-10-08 05:10:21 --> [Caused by] mysqli_sql_exception: Unknown column 'vegetables' in 'where clause'
in SYSTEMPATH\Database\MySQLi\Connection.php on line 312.
 1 SYSTEMPATH\Database\MySQLi\Connection.php(312): mysqli->query('SELECT * FROM `public_diet` where `Category`=vegetables Order By `Name`  limit 100 offset  0', 0)
 2 SYSTEMPATH\Database\BaseConnection.php(734): CodeIgniter\Database\MySQLi\Connection->execute('SELECT * FROM `public_diet` where `Category`=vegetables Order By `Name`  limit 100 offset  0')
 3 SYSTEMPATH\Database\BaseConnection.php(648): CodeIgniter\Database\BaseConnection->simpleQuery('SELECT * FROM `public_diet` where `Category`=vegetables Order By `Name`  limit 100 offset  0')
 4 APPPATH\Models\Crud.php(78): CodeIgniter\Database\BaseConnection->query('SELECT * FROM `public_diet` where `Category`=vegetables Order By `Name`  limit 100 offset  0')
 5 APPPATH\Models\HealthcareModel.php(78): App\Models\Crud->ExecuteSQL('SELECT * FROM `public_diet` where `Category`=vegetables Order By `Name`  limit 100 offset  0')
 6 APPPATH\Controllers\HealthCare.php(97): App\Models\HealthcareModel->get_vegetable_datatables()
 7 SYSTEMPATH\CodeIgniter.php(933): App\Controllers\HealthCare->fetch_vegetable()
 8 SYSTEMPATH\CodeIgniter.php(509): CodeIgniter\CodeIgniter->runController(Object(App\Controllers\HealthCare))
 9 SYSTEMPATH\CodeIgniter.php(355): CodeIgniter\CodeIgniter->handleRequest(null, Object(Config\Cache), false)
10 SYSTEMPATH\Boot.php(325): CodeIgniter\CodeIgniter->run()
11 SYSTEMPATH\Boot.php(67): CodeIgniter\Boot::runCodeIgniter(Object(CodeIgniter\CodeIgniter))
12 FCPATH\index.php(71): CodeIgniter\Boot::bootWeb(Object(Config\Paths))
CRITICAL - 2024-10-08 05:10:26 --> ArgumentCountError: Too few arguments to function App\Models\HealthcareModel::Diet(), 0 passed in D:\wamp64\www\admin.dright.net\app\Controllers\HealthCare.php on line 39 and exactly 1 expected
[Method: GET, Route: health-care/fruit]
in APPPATH\Models\HealthcareModel.php on line 35.
 1 APPPATH\Controllers\HealthCare.php(39): App\Models\HealthcareModel->Diet()
 2 SYSTEMPATH\CodeIgniter.php(933): App\Controllers\HealthCare->index()
 3 SYSTEMPATH\CodeIgniter.php(509): CodeIgniter\CodeIgniter->runController(Object(App\Controllers\HealthCare))
 4 SYSTEMPATH\CodeIgniter.php(355): CodeIgniter\CodeIgniter->handleRequest(null, Object(Config\Cache), false)
 5 SYSTEMPATH\Boot.php(325): CodeIgniter\CodeIgniter->run()
 6 SYSTEMPATH\Boot.php(67): CodeIgniter\Boot::runCodeIgniter(Object(CodeIgniter\CodeIgniter))
 7 FCPATH\index.php(71): CodeIgniter\Boot::bootWeb(Object(Config\Paths))
CRITICAL - 2024-10-08 05:10:48 --> ArgumentCountError: Too few arguments to function App\Models\HealthcareModel::Diet(), 0 passed in D:\wamp64\www\admin.dright.net\app\Controllers\HealthCare.php on line 39 and exactly 1 expected
[Method: GET, Route: health-care/fruit]
in APPPATH\Models\HealthcareModel.php on line 35.
 1 APPPATH\Controllers\HealthCare.php(39): App\Models\HealthcareModel->Diet()
 2 SYSTEMPATH\CodeIgniter.php(933): App\Controllers\HealthCare->index()
 3 SYSTEMPATH\CodeIgniter.php(509): CodeIgniter\CodeIgniter->runController(Object(App\Controllers\HealthCare))
 4 SYSTEMPATH\CodeIgniter.php(355): CodeIgniter\CodeIgniter->handleRequest(null, Object(Config\Cache), false)
 5 SYSTEMPATH\Boot.php(325): CodeIgniter\CodeIgniter->run()
 6 SYSTEMPATH\Boot.php(67): CodeIgniter\Boot::runCodeIgniter(Object(CodeIgniter\CodeIgniter))
 7 FCPATH\index.php(71): CodeIgniter\Boot::bootWeb(Object(Config\Paths))
CRITICAL - 2024-10-08 05:18:36 --> ArgumentCountError: Too few arguments to function App\Models\HealthcareModel::Diet(), 0 passed in D:\wamp64\www\admin.dright.net\app\Controllers\HealthCare.php on line 39 and exactly 1 expected
[Method: GET, Route: health-care/fruit]
in APPPATH\Models\HealthcareModel.php on line 35.
 1 APPPATH\Controllers\HealthCare.php(39): App\Models\HealthcareModel->Diet()
 2 SYSTEMPATH\CodeIgniter.php(933): App\Controllers\HealthCare->index()
 3 SYSTEMPATH\CodeIgniter.php(509): CodeIgniter\CodeIgniter->runController(Object(App\Controllers\HealthCare))
 4 SYSTEMPATH\CodeIgniter.php(355): CodeIgniter\CodeIgniter->handleRequest(null, Object(Config\Cache), false)
 5 SYSTEMPATH\Boot.php(325): CodeIgniter\CodeIgniter->run()
 6 SYSTEMPATH\Boot.php(67): CodeIgniter\Boot::runCodeIgniter(Object(CodeIgniter\CodeIgniter))
 7 FCPATH\index.php(71): CodeIgniter\Boot::bootWeb(Object(Config\Paths))
ERROR - 2024-10-08 05:20:06 --> mysqli_sql_exception: Unknown column 'fruits' in 'where clause' in D:\wamp64\www\admin.dright.net\system\Database\MySQLi\Connection.php:312
Stack trace:
#0 D:\wamp64\www\admin.dright.net\system\Database\MySQLi\Connection.php(312): mysqli->query('SELECT * FROM `...', 0)
#1 D:\wamp64\www\admin.dright.net\system\Database\BaseConnection.php(734): CodeIgniter\Database\MySQLi\Connection->execute('SELECT * FROM `...')
#2 D:\wamp64\www\admin.dright.net\system\Database\BaseConnection.php(648): CodeIgniter\Database\BaseConnection->simpleQuery('SELECT * FROM `...')
#3 D:\wamp64\www\admin.dright.net\app\Models\Crud.php(78): CodeIgniter\Database\BaseConnection->query('SELECT * FROM `...')
#4 D:\wamp64\www\admin.dright.net\app\Models\HealthcareModel.php(51): App\Models\Crud->ExecuteSQL('SELECT * FROM `...')
#5 D:\wamp64\www\admin.dright.net\app\Controllers\HealthCare.php(68): App\Models\HealthcareModel->get_fruit_datatables()
#6 D:\wamp64\www\admin.dright.net\system\CodeIgniter.php(933): App\Controllers\HealthCare->fetch_fruit()
#7 D:\wamp64\www\admin.dright.net\system\CodeIgniter.php(509): CodeIgniter\CodeIgniter->runController(Object(App\Controllers\HealthCare))
#8 D:\wamp64\www\admin.dright.net\system\CodeIgniter.php(355): CodeIgniter\CodeIgniter->handleRequest(NULL, Object(Config\Cache), false)
#9 D:\wamp64\www\admin.dright.net\system\Boot.php(325): CodeIgniter\CodeIgniter->run()
#10 D:\wamp64\www\admin.dright.net\system\Boot.php(67): CodeIgniter\Boot::runCodeIgniter(Object(CodeIgniter\CodeIgniter))
#11 D:\wamp64\www\admin.dright.net\index.php(71): CodeIgniter\Boot::bootWeb(Object(Config\Paths))
#12 {main}
CRITICAL - 2024-10-08 05:20:06 --> CodeIgniter\Database\Exceptions\DatabaseException: Unknown column 'fruits' in 'where clause'
[Method: POST, Route: fruit-data]
in SYSTEMPATH\Database\BaseConnection.php on line 688.
 1 APPPATH\Models\Crud.php(78): CodeIgniter\Database\BaseConnection->query('SELECT * FROM `public_diet` where `Category`=fruits Order By `Name`  limit 100 offset  0')
 2 APPPATH\Models\HealthcareModel.php(51): App\Models\Crud->ExecuteSQL('SELECT * FROM `public_diet` where `Category`=fruits Order By `Name`  limit 100 offset  0')
 3 APPPATH\Controllers\HealthCare.php(68): App\Models\HealthcareModel->get_fruit_datatables()
 4 SYSTEMPATH\CodeIgniter.php(933): App\Controllers\HealthCare->fetch_fruit()
 5 SYSTEMPATH\CodeIgniter.php(509): CodeIgniter\CodeIgniter->runController(Object(App\Controllers\HealthCare))
 6 SYSTEMPATH\CodeIgniter.php(355): CodeIgniter\CodeIgniter->handleRequest(null, Object(Config\Cache), false)
 7 SYSTEMPATH\Boot.php(325): CodeIgniter\CodeIgniter->run()
 8 SYSTEMPATH\Boot.php(67): CodeIgniter\Boot::runCodeIgniter(Object(CodeIgniter\CodeIgniter))
 9 FCPATH\index.php(71): CodeIgniter\Boot::bootWeb(Object(Config\Paths))
CRITICAL - 2024-10-08 05:20:06 --> [Caused by] CodeIgniter\Database\Exceptions\DatabaseException: Unknown column 'fruits' in 'where clause'
in SYSTEMPATH\Database\MySQLi\Connection.php on line 317.
 1 SYSTEMPATH\Database\BaseConnection.php(734): CodeIgniter\Database\MySQLi\Connection->execute('SELECT * FROM `public_diet` where `Category`=fruits Order By `Name`  limit 100 offset  0')
 2 SYSTEMPATH\Database\BaseConnection.php(648): CodeIgniter\Database\BaseConnection->simpleQuery('SELECT * FROM `public_diet` where `Category`=fruits Order By `Name`  limit 100 offset  0')
 3 APPPATH\Models\Crud.php(78): CodeIgniter\Database\BaseConnection->query('SELECT * FROM `public_diet` where `Category`=fruits Order By `Name`  limit 100 offset  0')
 4 APPPATH\Models\HealthcareModel.php(51): App\Models\Crud->ExecuteSQL('SELECT * FROM `public_diet` where `Category`=fruits Order By `Name`  limit 100 offset  0')
 5 APPPATH\Controllers\HealthCare.php(68): App\Models\HealthcareModel->get_fruit_datatables()
 6 SYSTEMPATH\CodeIgniter.php(933): App\Controllers\HealthCare->fetch_fruit()
 7 SYSTEMPATH\CodeIgniter.php(509): CodeIgniter\CodeIgniter->runController(Object(App\Controllers\HealthCare))
 8 SYSTEMPATH\CodeIgniter.php(355): CodeIgniter\CodeIgniter->handleRequest(null, Object(Config\Cache), false)
 9 SYSTEMPATH\Boot.php(325): CodeIgniter\CodeIgniter->run()
10 SYSTEMPATH\Boot.php(67): CodeIgniter\Boot::runCodeIgniter(Object(CodeIgniter\CodeIgniter))
11 FCPATH\index.php(71): CodeIgniter\Boot::bootWeb(Object(Config\Paths))
CRITICAL - 2024-10-08 05:20:06 --> [Caused by] mysqli_sql_exception: Unknown column 'fruits' in 'where clause'
in SYSTEMPATH\Database\MySQLi\Connection.php on line 312.
 1 SYSTEMPATH\Database\MySQLi\Connection.php(312): mysqli->query('SELECT * FROM `public_diet` where `Category`=fruits Order By `Name`  limit 100 offset  0', 0)
 2 SYSTEMPATH\Database\BaseConnection.php(734): CodeIgniter\Database\MySQLi\Connection->execute('SELECT * FROM `public_diet` where `Category`=fruits Order By `Name`  limit 100 offset  0')
 3 SYSTEMPATH\Database\BaseConnection.php(648): CodeIgniter\Database\BaseConnection->simpleQuery('SELECT * FROM `public_diet` where `Category`=fruits Order By `Name`  limit 100 offset  0')
 4 APPPATH\Models\Crud.php(78): CodeIgniter\Database\BaseConnection->query('SELECT * FROM `public_diet` where `Category`=fruits Order By `Name`  limit 100 offset  0')
 5 APPPATH\Models\HealthcareModel.php(51): App\Models\Crud->ExecuteSQL('SELECT * FROM `public_diet` where `Category`=fruits Order By `Name`  limit 100 offset  0')
 6 APPPATH\Controllers\HealthCare.php(68): App\Models\HealthcareModel->get_fruit_datatables()
 7 SYSTEMPATH\CodeIgniter.php(933): App\Controllers\HealthCare->fetch_fruit()
 8 SYSTEMPATH\CodeIgniter.php(509): CodeIgniter\CodeIgniter->runController(Object(App\Controllers\HealthCare))
 9 SYSTEMPATH\CodeIgniter.php(355): CodeIgniter\CodeIgniter->handleRequest(null, Object(Config\Cache), false)
10 SYSTEMPATH\Boot.php(325): CodeIgniter\CodeIgniter->run()
11 SYSTEMPATH\Boot.php(67): CodeIgniter\Boot::runCodeIgniter(Object(CodeIgniter\CodeIgniter))
12 FCPATH\index.php(71): CodeIgniter\Boot::bootWeb(Object(Config\Paths))
