CRITICAL - 2024-10-18 13:17:23 --> ErrorException: Undefined array key "Image"
[Method: POST, Route: diet/submit]
in APPPATH\Controllers\HealthCare.php on line 364.
 1 APPPATH\Controllers\HealthCare.php(364): CodeIgniter\Debug\Exceptions->errorHandler(2, 'Undefined array key "Image"', 'D:\\wamp64\\www\\admin.dright.net\\app\\Controllers\\HealthCare.php', 364)
 2 SYSTEMPATH\CodeIgniter.php(933): App\Controllers\HealthCare->item_form_submit()
 3 SYSTEMPATH\CodeIgniter.php(509): CodeIgniter\CodeIgniter->runController(Object(App\Controllers\HealthCare))
 4 SYSTEMPATH\CodeIgniter.php(355): CodeIgniter\CodeIgniter->handleRequest(null, Object(Config\Cache), false)
 5 SYSTEMPATH\Boot.php(325): CodeIgniter\CodeIgniter->run()
 6 SYSTEMPATH\Boot.php(67): CodeIgniter\Boot::runCodeIgniter(Object(CodeIgniter\CodeIgniter))
 7 FCPATH\index.php(79): CodeIgniter\Boot::bootWeb(Object(Config\Paths))
CRITICAL - 2024-10-18 13:18:13 --> ErrorException: Undefined array key "Image"
[Method: POST, Route: diet/submit]
in APPPATH\Controllers\HealthCare.php on line 364.
 1 APPPATH\Controllers\HealthCare.php(364): CodeIgniter\Debug\Exceptions->errorHandler(2, 'Undefined array key "Image"', 'D:\\wamp64\\www\\admin.dright.net\\app\\Controllers\\HealthCare.php', 364)
 2 SYSTEMPATH\CodeIgniter.php(933): App\Controllers\HealthCare->item_form_submit()
 3 SYSTEMPATH\CodeIgniter.php(509): CodeIgniter\CodeIgniter->runController(Object(App\Controllers\HealthCare))
 4 SYSTEMPATH\CodeIgniter.php(355): CodeIgniter\CodeIgniter->handleRequest(null, Object(Config\Cache), false)
 5 SYSTEMPATH\Boot.php(325): CodeIgniter\CodeIgniter->run()
 6 SYSTEMPATH\Boot.php(67): CodeIgniter\Boot::runCodeIgniter(Object(CodeIgniter\CodeIgniter))
 7 FCPATH\index.php(79): CodeIgniter\Boot::bootWeb(Object(Config\Paths))
